  cocoa_time.c
  context.c
C:\VSProjects\ElecSim\vendor\glfw\src\context.c(408,10): warning C4996: 'sscanf': This function or variable may be unsafe. Consider using sscanf_s instead. To disable deprecation, use _CRT_SECURE_NO_WARNINGS. See online help for details.
  egl_context.c
  glx_context.c
  init.c
C:\VSProjects\ElecSim\vendor\glfw\src\init.c(189,20): warning C4996: 'strtok': This function or variable may be unsafe. Consider using strtok_s instead. To disable deprecation, use _CRT_SECURE_NO_WARNINGS. See online help for details.
C:\VSProjects\ElecSim\vendor\glfw\src\init.c(235,5): warning C4996: 'strcpy': This function or variable may be unsafe. Consider using strcpy_s instead. To disable deprecation, use _CRT_SECURE_NO_WARNINGS. See online help for details.
C:\VSProjects\ElecSim\vendor\glfw\src\init.c(327,13): warning C4996: 'strcpy': This function or variable may be unsafe. Consider using strcpy_s instead. To disable deprecation, use _CRT_SECURE_NO_WARNINGS. See online help for details.
C:\VSProjects\ElecSim\vendor\glfw\src\init.c(329,13): warning C4996: 'strcpy': This function or variable may be unsafe. Consider using strcpy_s instead. To disable deprecation, use _CRT_SECURE_NO_WARNINGS. See online help for details.
C:\VSProjects\ElecSim\vendor\glfw\src\init.c(331,13): warning C4996: 'strcpy': This function or variable may be unsafe. Consider using strcpy_s instead. To disable deprecation, use _CRT_SECURE_NO_WARNINGS. See online help for details.
C:\VSProjects\ElecSim\vendor\glfw\src\init.c(333,13): warning C4996: 'strcpy': This function or variable may be unsafe. Consider using strcpy_s instead. To disable deprecation, use _CRT_SECURE_NO_WARNINGS. See online help for details.
C:\VSProjects\ElecSim\vendor\glfw\src\init.c(335,13): warning C4996: 'strcpy': This function or variable may be unsafe. Consider using strcpy_s instead. To disable deprecation, use _CRT_SECURE_NO_WARNINGS. See online help for details.
C:\VSProjects\ElecSim\vendor\glfw\src\init.c(337,13): warning C4996: 'strcpy': This function or variable may be unsafe. Consider using strcpy_s instead. To disable deprecation, use _CRT_SECURE_NO_WARNINGS. See online help for details.
C:\VSProjects\ElecSim\vendor\glfw\src\init.c(339,13): warning C4996: 'strcpy': This function or variable may be unsafe. Consider using strcpy_s instead. To disable deprecation, use _CRT_SECURE_NO_WARNINGS. See online help for details.
C:\VSProjects\ElecSim\vendor\glfw\src\init.c(341,13): warning C4996: 'strcpy': This function or variable may be unsafe. Consider using strcpy_s instead. To disable deprecation, use _CRT_SECURE_NO_WARNINGS. See online help for details.
C:\VSProjects\ElecSim\vendor\glfw\src\init.c(343,13): warning C4996: 'strcpy': This function or variable may be unsafe. Consider using strcpy_s instead. To disable deprecation, use _CRT_SECURE_NO_WARNINGS. See online help for details.
C:\VSProjects\ElecSim\vendor\glfw\src\init.c(345,13): warning C4996: 'strcpy': This function or variable may be unsafe. Consider using strcpy_s instead. To disable deprecation, use _CRT_SECURE_NO_WARNINGS. See online help for details.
C:\VSProjects\ElecSim\vendor\glfw\src\init.c(347,13): warning C4996: 'strcpy': This function or variable may be unsafe. Consider using strcpy_s instead. To disable deprecation, use _CRT_SECURE_NO_WARNINGS. See online help for details.
C:\VSProjects\ElecSim\vendor\glfw\src\init.c(349,13): warning C4996: 'strcpy': This function or variable may be unsafe. Consider using strcpy_s instead. To disable deprecation, use _CRT_SECURE_NO_WARNINGS. See online help for details.
C:\VSProjects\ElecSim\vendor\glfw\src\init.c(351,13): warning C4996: 'strcpy': This function or variable may be unsafe. Consider using strcpy_s instead. To disable deprecation, use _CRT_SECURE_NO_WARNINGS. See online help for details.
C:\VSProjects\ElecSim\vendor\glfw\src\init.c(353,13): warning C4996: 'strcpy': This function or variable may be unsafe. Consider using strcpy_s instead. To disable deprecation, use _CRT_SECURE_NO_WARNINGS. See online help for details.
C:\VSProjects\ElecSim\vendor\glfw\src\init.c(355,13): warning C4996: 'strcpy': This function or variable may be unsafe. Consider using strcpy_s instead. To disable deprecation, use _CRT_SECURE_NO_WARNINGS. See online help for details.
C:\VSProjects\ElecSim\vendor\glfw\src\init.c(375,5): warning C4996: 'strcpy': This function or variable may be unsafe. Consider using strcpy_s instead. To disable deprecation, use _CRT_SECURE_NO_WARNINGS. See online help for details.
  input.c
C:\VSProjects\ElecSim\vendor\glfw\src\input.c(530,5): warning C4996: 'strncpy': This function or variable may be unsafe. Consider using strncpy_s instead. To disable deprecation, use _CRT_SECURE_NO_WARNINGS. See online help for details.
C:\VSProjects\ElecSim\vendor\glfw\src\input.c(531,5): warning C4996: 'strncpy': This function or variable may be unsafe. Consider using strncpy_s instead. To disable deprecation, use _CRT_SECURE_NO_WARNINGS. See online help for details.
  linux_joystick.c
  monitor.c
C:\VSProjects\ElecSim\vendor\glfw\src\monitor.c(177,5): warning C4996: 'strncpy': This function or variable may be unsafe. Consider using strncpy_s instead. To disable deprecation, use _CRT_SECURE_NO_WARNINGS. See online help for details.
  null_init.c
  null_joystick.c
  null_monitor.c
  null_window.c
  osmesa_context.c
  platform.c
  posix_module.c
  posix_poll.c
  posix_thread.c
  posix_time.c
  vulkan.c
  wgl_context.c
  Generating Code...
  Compiling...
  win32_init.c
  win32_joystick.c
C:\VSProjects\ElecSim\vendor\glfw\src\win32_joystick.c(455,9): warning C4996: 'sprintf': This function or variable may be unsafe. Consider using sprintf_s instead. To disable deprecation, use _CRT_SECURE_NO_WARNINGS. See online help for details.
C:\VSProjects\ElecSim\vendor\glfw\src\win32_joystick.c(463,9): warning C4996: 'sprintf': This function or variable may be unsafe. Consider using sprintf_s instead. To disable deprecation, use _CRT_SECURE_NO_WARNINGS. See online help for details.
C:\VSProjects\ElecSim\vendor\glfw\src\win32_joystick.c(526,13): warning C4996: 'sprintf': This function or variable may be unsafe. Consider using sprintf_s instead. To disable deprecation, use _CRT_SECURE_NO_WARNINGS. See online help for details.
C:\VSProjects\ElecSim\vendor\glfw\src\win32_joystick.c(760,9): warning C4996: 'strncpy': This function or variable may be unsafe. Consider using strncpy_s instead. To disable deprecation, use _CRT_SECURE_NO_WARNINGS. See online help for details.
C:\VSProjects\ElecSim\vendor\glfw\src\win32_joystick.c(761,9): warning C4996: 'sprintf': This function or variable may be unsafe. Consider using sprintf_s instead. To disable deprecation, use _CRT_SECURE_NO_WARNINGS. See online help for details.
  win32_module.c
  win32_monitor.c
C:\VSProjects\ElecSim\vendor\glfw\src\win32_monitor.c(104,5): warning C4996: 'wcscpy': This function or variable may be unsafe. Consider using wcscpy_s instead. To disable deprecation, use _CRT_SECURE_NO_WARNINGS. See online help for details.
C:\VSProjects\ElecSim\vendor\glfw\src\win32_monitor.c(113,9): warning C4996: 'wcscpy': This function or variable may be unsafe. Consider using wcscpy_s instead. To disable deprecation, use _CRT_SECURE_NO_WARNINGS. See online help for details.
  win32_thread.c
  win32_time.c
  win32_window.c
  window.c
C:\VSProjects\ElecSim\vendor\glfw\src\window.c(447,13): warning C4996: 'strncpy': This function or variable may be unsafe. Consider using strncpy_s instead. To disable deprecation, use _CRT_SECURE_NO_WARNINGS. See online help for details.
C:\VSProjects\ElecSim\vendor\glfw\src\window.c(451,13): warning C4996: 'strncpy': This function or variable may be unsafe. Consider using strncpy_s instead. To disable deprecation, use _CRT_SECURE_NO_WARNINGS. See online help for details.
C:\VSProjects\ElecSim\vendor\glfw\src\window.c(455,13): warning C4996: 'strncpy': This function or variable may be unsafe. Consider using strncpy_s instead. To disable deprecation, use _CRT_SECURE_NO_WARNINGS. See online help for details.
C:\VSProjects\ElecSim\vendor\glfw\src\window.c(459,13): warning C4996: 'strncpy': This function or variable may be unsafe. Consider using strncpy_s instead. To disable deprecation, use _CRT_SECURE_NO_WARNINGS. See online help for details.
  wl_init.c
  wl_monitor.c
  wl_window.c
  x11_init.c
  x11_monitor.c
  x11_window.c
  xkb_unicode.c
  Generating Code...
  GLFW.vcxproj -> C:\VSProjects\ElecSim\vendor\glfw\bin\Debug-windows-x86_64\GLFW\GLFW.lib
